# Feedback

Group agnes: jw21, ruby7188

Commit hash: f043c7f5a92edacbc0891836a87ef0e0f49c7da5

Final score: 43 / 60

## Style check

Score: 5 / 5

## PageRankAnalyzer

Score: 16 / 25

-   FAIL: (weight=2.0) testConstructorRuntime

        org.junit.runners.model.TestTimedOutException: test timed out after 5000 milliseconds
        	at datastructures.concrete.DoubleLinkedList.indexOf(DoubleLinkedList.java:82)
        	at datastructures.concrete.DoubleLinkedList.contains(DoubleLinkedList.java:97)
        	at search.analyzers.PageRankAnalyzer.getLinks(PageRankAnalyzer.java:74)
        	at search.analyzers.PageRankAnalyzer.makeGraph(PageRankAnalyzer.java:66)
        	at search.analyzers.PageRankAnalyzer.<init>(PageRankAnalyzer.java:43)
        	at privatetests.TestPrivatePageRankAnalyzer.testConstructorRuntime(TestPrivatePageRankAnalyzer.java:280)
        	at sun.reflect.NativeMethodAccessorImpl.invoke0(Native Method)
        	at sun.reflect.NativeMethodAccessorImpl.invoke(NativeMethodAccessorImpl.java:62)
        	at sun.reflect.DelegatingMethodAccessorImpl.invoke(DelegatingMethodAccessorImpl.java:43)
        	at java.lang.reflect.Method.invoke(Method.java:498)
        	at org.junit.runners.model.FrameworkMethod$1.runReflectiveCall(FrameworkMethod.java:50)
        	at org.junit.internal.runners.model.ReflectiveCallable.run(ReflectiveCallable.java:12)
        	at org.junit.runners.model.FrameworkMethod.invokeExplosively(FrameworkMethod.java:47)
        	at org.junit.internal.runners.statements.InvokeMethod.evaluate(InvokeMethod.java:17)
        	at org.junit.internal.runners.statements.FailOnTimeout$CallableStatement.call(FailOnTimeout.java:298)
        	at org.junit.internal.runners.statements.FailOnTimeout$CallableStatement.call(FailOnTimeout.java:292)
        	at java.util.concurrent.FutureTask.run(FutureTask.java:266)
        	at java.lang.Thread.run(Thread.java:745)

-   PASS: (weight=1.0) testConstructorDoesNotMutateInput
-   PASS: (weight=1.0) testUnconnectedPages
-   PASS: (weight=1.0) testExample3EachIteration
-   PASS: (weight=1.0) testFullyConnectedPages
-   FAIL: (weight=2.0) testComputePageRankRuntime

        java.lang.AssertionError: Test setup timed out
        	at org.junit.Assert.fail(Assert.java:88)
        	at privatetests.TestPrivatePageRankAnalyzer.testComputePageRankRuntime(TestPrivatePageRankAnalyzer.java:287)
        	at sun.reflect.NativeMethodAccessorImpl.invoke0(Native Method)
        	at sun.reflect.NativeMethodAccessorImpl.invoke(NativeMethodAccessorImpl.java:62)
        	at sun.reflect.DelegatingMethodAccessorImpl.invoke(DelegatingMethodAccessorImpl.java:43)
        	at java.lang.reflect.Method.invoke(Method.java:498)
        	at org.junit.runners.model.FrameworkMethod$1.runReflectiveCall(FrameworkMethod.java:50)
        	at org.junit.internal.runners.model.ReflectiveCallable.run(ReflectiveCallable.java:12)
        	at org.junit.runners.model.FrameworkMethod.invokeExplosively(FrameworkMethod.java:47)
        	at org.junit.internal.runners.statements.InvokeMethod.evaluate(InvokeMethod.java:17)
        	at org.junit.internal.runners.statements.FailOnTimeout$CallableStatement.call(FailOnTimeout.java:298)
        	at org.junit.internal.runners.statements.FailOnTimeout$CallableStatement.call(FailOnTimeout.java:292)
        	at java.util.concurrent.FutureTask.run(FutureTask.java:266)
        	at java.lang.Thread.run(Thread.java:745)

-   FAIL: (weight=0.5) testExample3SmallEpsilon

        java.lang.AssertionError: Encountered error for http://example.com/a.html Decay=0.4, Epsilon=0.1, limit=1 expected:<0.2> but was:<0.21600000000000003>
        	at org.junit.Assert.fail(Assert.java:88)
        	at org.junit.Assert.failNotEquals(Assert.java:834)
        	at org.junit.Assert.assertEquals(Assert.java:553)
        	at privatetests.TestUtils.assertClose(TestUtils.java:21)
        	at privatetests.TestPrivatePageRankAnalyzer$Checker.verify(TestPrivatePageRankAnalyzer.java:427)
        	at privatetests.TestPrivatePageRankAnalyzer.testExample3SmallEpsilon(TestPrivatePageRankAnalyzer.java:228)
        	at sun.reflect.NativeMethodAccessorImpl.invoke0(Native Method)
        	at sun.reflect.NativeMethodAccessorImpl.invoke(NativeMethodAccessorImpl.java:62)
        	at sun.reflect.DelegatingMethodAccessorImpl.invoke(DelegatingMethodAccessorImpl.java:43)
        	at java.lang.reflect.Method.invoke(Method.java:498)
        	at org.junit.runners.model.FrameworkMethod$1.runReflectiveCall(FrameworkMethod.java:50)
        	at org.junit.internal.runners.model.ReflectiveCallable.run(ReflectiveCallable.java:12)
        	at org.junit.runners.model.FrameworkMethod.invokeExplosively(FrameworkMethod.java:47)
        	at org.junit.internal.runners.statements.InvokeMethod.evaluate(InvokeMethod.java:17)
        	at org.junit.internal.runners.statements.FailOnTimeout$CallableStatement.call(FailOnTimeout.java:298)
        	at org.junit.internal.runners.statements.FailOnTimeout$CallableStatement.call(FailOnTimeout.java:292)
        	at java.util.concurrent.FutureTask.run(FutureTask.java:266)
        	at java.lang.Thread.run(Thread.java:745)

-   PASS: (weight=1.0) testExample3DifferentDelta
-   PASS: (weight=1.0) testExample1EachIteration
-   PASS: (weight=1.0) testSpecExample1
-   PASS: (weight=1.0) testSpecExample2
-   PASS: (weight=1.0) testSpecExample3

## TfIdfAnalyzer

Score: 22 / 30

-   PASS: (weight=1.0) testQuerySameAsDoc
-   PASS: (weight=1.0) testSingleDocument
-   PASS: (weight=0.5) testDuplicateDocuments
-   PASS: (weight=1.0) testQueryWithRepeatedWords
-   PASS: (weight=1.0) testAnalyzerDoesNotMutateInput
-   FAIL: (weight=2.0) testAnalyzerComputeRelevanceHasReasonableRuntime

        misc.exceptions.NoSuchKeyException
        	at datastructures.concrete.dictionaries.ArrayDictionary.get(ArrayDictionary.java:55)
        	at datastructures.concrete.dictionaries.ChainedHashDictionary.get(ChainedHashDictionary.java:49)
        	at search.analyzers.TfIdfAnalyzer.getQueryVector(TfIdfAnalyzer.java:167)
        	at search.analyzers.TfIdfAnalyzer.computeRelevance(TfIdfAnalyzer.java:134)
        	at privatetests.TestPrivateTfIdfAnalyzer.testAnalyzerComputeRelevanceHasReasonableRuntime(TestPrivateTfIdfAnalyzer.java:107)
        	at sun.reflect.NativeMethodAccessorImpl.invoke0(Native Method)
        	at sun.reflect.NativeMethodAccessorImpl.invoke(NativeMethodAccessorImpl.java:62)
        	at sun.reflect.DelegatingMethodAccessorImpl.invoke(DelegatingMethodAccessorImpl.java:43)
        	at java.lang.reflect.Method.invoke(Method.java:498)
        	at org.junit.runners.model.FrameworkMethod$1.runReflectiveCall(FrameworkMethod.java:50)
        	at org.junit.internal.runners.model.ReflectiveCallable.run(ReflectiveCallable.java:12)
        	at org.junit.runners.model.FrameworkMethod.invokeExplosively(FrameworkMethod.java:47)
        	at org.junit.internal.runners.statements.InvokeMethod.evaluate(InvokeMethod.java:17)
        	at org.junit.internal.runners.statements.FailOnTimeout$CallableStatement.call(FailOnTimeout.java:298)
        	at org.junit.internal.runners.statements.FailOnTimeout$CallableStatement.call(FailOnTimeout.java:292)
        	at java.util.concurrent.FutureTask.run(FutureTask.java:266)
        	at java.lang.Thread.run(Thread.java:745)

-   PASS: (weight=2.0) testAnalyzerConstructorHasReasonableRuntime
-   FAIL: (weight=1.0) testQueryWithNoSimilarWords

        misc.exceptions.NoSuchKeyException
        	at datastructures.concrete.dictionaries.ChainedHashDictionary.get(ChainedHashDictionary.java:47)
        	at search.analyzers.TfIdfAnalyzer.getQueryVector(TfIdfAnalyzer.java:167)
        	at search.analyzers.TfIdfAnalyzer.computeRelevance(TfIdfAnalyzer.java:134)
        	at privatetests.TestPrivateTfIdfAnalyzer.testQueryWithNoSimilarWords(TestPrivateTfIdfAnalyzer.java:86)
        	at sun.reflect.NativeMethodAccessorImpl.invoke0(Native Method)
        	at sun.reflect.NativeMethodAccessorImpl.invoke(NativeMethodAccessorImpl.java:62)
        	at sun.reflect.DelegatingMethodAccessorImpl.invoke(DelegatingMethodAccessorImpl.java:43)
        	at java.lang.reflect.Method.invoke(Method.java:498)
        	at org.junit.runners.model.FrameworkMethod$1.runReflectiveCall(FrameworkMethod.java:50)
        	at org.junit.internal.runners.model.ReflectiveCallable.run(ReflectiveCallable.java:12)
        	at org.junit.runners.model.FrameworkMethod.invokeExplosively(FrameworkMethod.java:47)
        	at org.junit.internal.runners.statements.InvokeMethod.evaluate(InvokeMethod.java:17)
        	at org.junit.internal.runners.statements.FailOnTimeout$CallableStatement.call(FailOnTimeout.java:298)
        	at org.junit.internal.runners.statements.FailOnTimeout$CallableStatement.call(FailOnTimeout.java:292)
        	at java.util.concurrent.FutureTask.run(FutureTask.java:266)
        	at java.lang.Thread.run(Thread.java:745)

-   PASS: (weight=1.0) testSpecExampleVectorCreation
-   PASS: (weight=1.0) testSpecExampleAgainstQuery
